2019-01-24 22:03:05,205 [Worker-1: Loading available Gradle versions] INFO  o.e.b.c.i.u.g.PublishedGradleVersions - Gradle version information cache is up-to-date. Trying to read.
2019-01-24 22:05:37,535 [Worker-14: Creating maven-archetype-quickstart] INFO  o.e.m.c.i.p.ProjectConfigurationManager - Collecting project info '/pom.xml' C:\Users\vadiraj.Rajendra\Desktop\Design Pattern Assignments\Abstractfactory\pom.xml
2019-01-24 22:05:40,533 [Worker-14: Creating maven-archetype-quickstart] INFO  o.e.m.c.i.l.LifecycleMappingFactory - Using org.eclipse.m2e.jdt.JarLifecycleMapping lifecycle mapping for MavenProject: com.designpatters:Abstractfactory:0.0.1-SNAPSHOT @ C:\Users\vadiraj.Rajendra\Desktop\Design Pattern Assignments\Abstractfactory\pom.xml.
2019-01-24 22:05:42,614 [Worker-14: Creating maven-archetype-quickstart] INFO  o.e.m.j.i.AbstractJavaProjectConfigurator - Adding source folder /Abstractfactory/src/main/java
2019-01-24 22:05:42,633 [Worker-14: Creating maven-archetype-quickstart] INFO  o.e.m.j.i.AbstractJavaProjectConfigurator - Adding source folder /Abstractfactory/src/test/java
2019-01-24 22:05:42,831 [Worker-14: Creating maven-archetype-quickstart] INFO  o.e.m.c.i.p.ProjectConfigurationManager - Imported and configured 1 project(s) in 5 sec
2019-01-24 22:05:44,012 [Worker-0: Building workspace] INFO  o.e.m.c.i.embedder.EclipseLogger - Using 'UTF-8' encoding to copy filtered resources.
2019-01-24 22:05:44,013 [Worker-0: Building workspace] INFO  o.e.m.c.i.embedder.EclipseLogger - skip non existing resourceDirectory C:\Users\vadiraj.Rajendra\Desktop\Design Pattern Assignments\Abstractfactory\src\main\resources
2019-01-24 22:05:44,015 [Worker-0: Building workspace] INFO  o.e.m.c.i.embedder.EclipseLogger - Using 'UTF-8' encoding to copy filtered resources.
2019-01-24 22:05:44,015 [Worker-0: Building workspace] INFO  o.e.m.c.i.embedder.EclipseLogger - skip non existing resourceDirectory C:\Users\vadiraj.Rajendra\Desktop\Design Pattern Assignments\Abstractfactory\src\test\resources
2019-01-24 22:06:04,642 [Worker-11: Building workspace] INFO  o.e.m.c.i.embedder.EclipseLogger - Using 'UTF-8' encoding to copy filtered resources.
2019-01-24 22:06:04,643 [Worker-11: Building workspace] INFO  o.e.m.c.i.embedder.EclipseLogger - skip non existing resourceDirectory C:\Users\vadiraj.Rajendra\Desktop\Design Pattern Assignments\Abstractfactory\src\main\resources
2019-01-24 22:06:04,645 [Worker-11: Building workspace] INFO  o.e.m.c.i.embedder.EclipseLogger - Using 'UTF-8' encoding to copy filtered resources.
2019-01-24 22:06:04,645 [Worker-11: Building workspace] INFO  o.e.m.c.i.embedder.EclipseLogger - skip non existing resourceDirectory C:\Users\vadiraj.Rajendra\Desktop\Design Pattern Assignments\Abstractfactory\src\test\resources
2019-01-24 22:06:52,641 [Worker-4: Building workspace] INFO  o.e.m.c.i.embedder.EclipseLogger - Using 'UTF-8' encoding to copy filtered resources.
2019-01-24 22:06:52,641 [Worker-4: Building workspace] INFO  o.e.m.c.i.embedder.EclipseLogger - skip non existing resourceDirectory C:\Users\vadiraj.Rajendra\Desktop\Design Pattern Assignments\Abstractfactory\src\main\resources
2019-01-24 22:06:52,643 [Worker-4: Building workspace] INFO  o.e.m.c.i.embedder.EclipseLogger - Using 'UTF-8' encoding to copy filtered resources.
2019-01-24 22:06:52,643 [Worker-4: Building workspace] INFO  o.e.m.c.i.embedder.EclipseLogger - skip non existing resourceDirectory C:\Users\vadiraj.Rajendra\Desktop\Design Pattern Assignments\Abstractfactory\src\test\resources
2019-01-24 22:07:43,190 [Worker-0: Building workspace] INFO  o.e.m.c.i.embedder.EclipseLogger - Using 'UTF-8' encoding to copy filtered resources.
2019-01-24 22:07:43,190 [Worker-0: Building workspace] INFO  o.e.m.c.i.embedder.EclipseLogger - skip non existing resourceDirectory C:\Users\vadiraj.Rajendra\Desktop\Design Pattern Assignments\Abstractfactory\src\main\resources
2019-01-24 22:07:43,191 [Worker-0: Building workspace] INFO  o.e.m.c.i.embedder.EclipseLogger - Using 'UTF-8' encoding to copy filtered resources.
2019-01-24 22:07:43,195 [Worker-0: Building workspace] INFO  o.e.m.c.i.embedder.EclipseLogger - skip non existing resourceDirectory C:\Users\vadiraj.Rajendra\Desktop\Design Pattern Assignments\Abstractfactory\src\test\resources
2019-01-24 22:09:16,998 [Worker-11: Building workspace] INFO  o.e.m.c.i.embedder.EclipseLogger - Using 'UTF-8' encoding to copy filtered resources.
2019-01-24 22:09:16,998 [Worker-11: Building workspace] INFO  o.e.m.c.i.embedder.EclipseLogger - skip non existing resourceDirectory C:\Users\vadiraj.Rajendra\Desktop\Design Pattern Assignments\Abstractfactory\src\main\resources
2019-01-24 22:09:17,000 [Worker-11: Building workspace] INFO  o.e.m.c.i.embedder.EclipseLogger - Using 'UTF-8' encoding to copy filtered resources.
2019-01-24 22:09:17,000 [Worker-11: Building workspace] INFO  o.e.m.c.i.embedder.EclipseLogger - skip non existing resourceDirectory C:\Users\vadiraj.Rajendra\Desktop\Design Pattern Assignments\Abstractfactory\src\test\resources
2019-01-24 22:09:18,160 [Worker-1: Building workspace] INFO  o.e.m.c.i.embedder.EclipseLogger - Using 'UTF-8' encoding to copy filtered resources.
2019-01-24 22:09:18,160 [Worker-1: Building workspace] INFO  o.e.m.c.i.embedder.EclipseLogger - skip non existing resourceDirectory C:\Users\vadiraj.Rajendra\Desktop\Design Pattern Assignments\Abstractfactory\src\main\resources
2019-01-24 22:09:18,162 [Worker-1: Building workspace] INFO  o.e.m.c.i.embedder.EclipseLogger - Using 'UTF-8' encoding to copy filtered resources.
2019-01-24 22:09:18,162 [Worker-1: Building workspace] INFO  o.e.m.c.i.embedder.EclipseLogger - skip non existing resourceDirectory C:\Users\vadiraj.Rajendra\Desktop\Design Pattern Assignments\Abstractfactory\src\test\resources
2019-01-24 22:13:52,169 [Worker-5: Building workspace] INFO  o.e.m.c.i.embedder.EclipseLogger - Using 'UTF-8' encoding to copy filtered resources.
2019-01-24 22:13:52,169 [Worker-5: Building workspace] INFO  o.e.m.c.i.embedder.EclipseLogger - skip non existing resourceDirectory C:\Users\vadiraj.Rajendra\Desktop\Design Pattern Assignments\Abstractfactory\src\main\resources
2019-01-24 22:13:52,170 [Worker-5: Building workspace] INFO  o.e.m.c.i.embedder.EclipseLogger - Using 'UTF-8' encoding to copy filtered resources.
2019-01-24 22:13:52,171 [Worker-5: Building workspace] INFO  o.e.m.c.i.embedder.EclipseLogger - skip non existing resourceDirectory C:\Users\vadiraj.Rajendra\Desktop\Design Pattern Assignments\Abstractfactory\src\test\resources
2019-01-24 22:14:49,831 [Worker-1: Building workspace] INFO  o.e.m.c.i.embedder.EclipseLogger - Using 'UTF-8' encoding to copy filtered resources.
2019-01-24 22:14:49,831 [Worker-1: Building workspace] INFO  o.e.m.c.i.embedder.EclipseLogger - skip non existing resourceDirectory C:\Users\vadiraj.Rajendra\Desktop\Design Pattern Assignments\Abstractfactory\src\main\resources
2019-01-24 22:14:49,835 [Worker-1: Building workspace] INFO  o.e.m.c.i.embedder.EclipseLogger - Using 'UTF-8' encoding to copy filtered resources.
2019-01-24 22:14:49,835 [Worker-1: Building workspace] INFO  o.e.m.c.i.embedder.EclipseLogger - skip non existing resourceDirectory C:\Users\vadiraj.Rajendra\Desktop\Design Pattern Assignments\Abstractfactory\src\test\resources
2019-01-24 22:18:49,555 [Worker-17: Building workspace] INFO  o.e.m.c.i.embedder.EclipseLogger - Using 'UTF-8' encoding to copy filtered resources.
2019-01-24 22:18:49,556 [Worker-17: Building workspace] INFO  o.e.m.c.i.embedder.EclipseLogger - skip non existing resourceDirectory C:\Users\vadiraj.Rajendra\Desktop\Design Pattern Assignments\Abstractfactory\src\main\resources
2019-01-24 22:18:49,560 [Worker-17: Building workspace] INFO  o.e.m.c.i.embedder.EclipseLogger - Using 'UTF-8' encoding to copy filtered resources.
2019-01-24 22:18:49,560 [Worker-17: Building workspace] INFO  o.e.m.c.i.embedder.EclipseLogger - skip non existing resourceDirectory C:\Users\vadiraj.Rajendra\Desktop\Design Pattern Assignments\Abstractfactory\src\test\resources
2019-01-24 22:19:54,882 [Worker-1: Building workspace] INFO  o.e.m.c.i.embedder.EclipseLogger - Using 'UTF-8' encoding to copy filtered resources.
2019-01-24 22:19:54,883 [Worker-1: Building workspace] INFO  o.e.m.c.i.embedder.EclipseLogger - skip non existing resourceDirectory C:\Users\vadiraj.Rajendra\Desktop\Design Pattern Assignments\Abstractfactory\src\main\resources
2019-01-24 22:19:54,886 [Worker-1: Building workspace] INFO  o.e.m.c.i.embedder.EclipseLogger - Using 'UTF-8' encoding to copy filtered resources.
2019-01-24 22:19:54,887 [Worker-1: Building workspace] INFO  o.e.m.c.i.embedder.EclipseLogger - skip non existing resourceDirectory C:\Users\vadiraj.Rajendra\Desktop\Design Pattern Assignments\Abstractfactory\src\test\resources
2019-01-24 22:20:03,880 [Worker-17: Building workspace] INFO  o.e.m.c.i.embedder.EclipseLogger - Using 'UTF-8' encoding to copy filtered resources.
2019-01-24 22:20:03,881 [Worker-17: Building workspace] INFO  o.e.m.c.i.embedder.EclipseLogger - skip non existing resourceDirectory C:\Users\vadiraj.Rajendra\Desktop\Design Pattern Assignments\Abstractfactory\src\main\resources
2019-01-24 22:20:03,885 [Worker-17: Building workspace] INFO  o.e.m.c.i.embedder.EclipseLogger - Using 'UTF-8' encoding to copy filtered resources.
2019-01-24 22:20:03,886 [Worker-17: Building workspace] INFO  o.e.m.c.i.embedder.EclipseLogger - skip non existing resourceDirectory C:\Users\vadiraj.Rajendra\Desktop\Design Pattern Assignments\Abstractfactory\src\test\resources
2019-01-24 22:20:56,094 [Worker-11: Building workspace] INFO  o.e.m.c.i.embedder.EclipseLogger - Using 'UTF-8' encoding to copy filtered resources.
2019-01-24 22:20:56,095 [Worker-11: Building workspace] INFO  o.e.m.c.i.embedder.EclipseLogger - skip non existing resourceDirectory C:\Users\vadiraj.Rajendra\Desktop\Design Pattern Assignments\Abstractfactory\src\main\resources
2019-01-24 22:20:56,097 [Worker-11: Building workspace] INFO  o.e.m.c.i.embedder.EclipseLogger - Using 'UTF-8' encoding to copy filtered resources.
2019-01-24 22:20:56,097 [Worker-11: Building workspace] INFO  o.e.m.c.i.embedder.EclipseLogger - skip non existing resourceDirectory C:\Users\vadiraj.Rajendra\Desktop\Design Pattern Assignments\Abstractfactory\src\test\resources
2019-01-24 22:21:16,476 [Worker-5: Building workspace] INFO  o.e.m.c.i.embedder.EclipseLogger - Using 'UTF-8' encoding to copy filtered resources.
2019-01-24 22:21:16,476 [Worker-5: Building workspace] INFO  o.e.m.c.i.embedder.EclipseLogger - skip non existing resourceDirectory C:\Users\vadiraj.Rajendra\Desktop\Design Pattern Assignments\Abstractfactory\src\main\resources
2019-01-24 22:21:16,479 [Worker-5: Building workspace] INFO  o.e.m.c.i.embedder.EclipseLogger - Using 'UTF-8' encoding to copy filtered resources.
2019-01-24 22:21:16,479 [Worker-5: Building workspace] INFO  o.e.m.c.i.embedder.EclipseLogger - skip non existing resourceDirectory C:\Users\vadiraj.Rajendra\Desktop\Design Pattern Assignments\Abstractfactory\src\test\resources
2019-01-24 22:21:43,105 [Worker-17: Building workspace] INFO  o.e.m.c.i.embedder.EclipseLogger - Using 'UTF-8' encoding to copy filtered resources.
2019-01-24 22:21:43,105 [Worker-17: Building workspace] INFO  o.e.m.c.i.embedder.EclipseLogger - skip non existing resourceDirectory C:\Users\vadiraj.Rajendra\Desktop\Design Pattern Assignments\Abstractfactory\src\main\resources
2019-01-24 22:21:43,106 [Worker-17: Building workspace] INFO  o.e.m.c.i.embedder.EclipseLogger - Using 'UTF-8' encoding to copy filtered resources.
2019-01-24 22:21:43,107 [Worker-17: Building workspace] INFO  o.e.m.c.i.embedder.EclipseLogger - skip non existing resourceDirectory C:\Users\vadiraj.Rajendra\Desktop\Design Pattern Assignments\Abstractfactory\src\test\resources
2019-01-24 22:23:56,278 [Worker-17: Building workspace] INFO  o.e.m.c.i.embedder.EclipseLogger - Using 'UTF-8' encoding to copy filtered resources.
2019-01-24 22:23:56,278 [Worker-17: Building workspace] INFO  o.e.m.c.i.embedder.EclipseLogger - skip non existing resourceDirectory C:\Users\vadiraj.Rajendra\Desktop\Design Pattern Assignments\Abstractfactory\src\main\resources
2019-01-24 22:23:56,280 [Worker-17: Building workspace] INFO  o.e.m.c.i.embedder.EclipseLogger - Using 'UTF-8' encoding to copy filtered resources.
2019-01-24 22:23:56,281 [Worker-17: Building workspace] INFO  o.e.m.c.i.embedder.EclipseLogger - skip non existing resourceDirectory C:\Users\vadiraj.Rajendra\Desktop\Design Pattern Assignments\Abstractfactory\src\test\resources
2019-01-24 22:25:13,466 [Worker-15: Building workspace] INFO  o.e.m.c.i.embedder.EclipseLogger - Using 'UTF-8' encoding to copy filtered resources.
2019-01-24 22:25:13,467 [Worker-15: Building workspace] INFO  o.e.m.c.i.embedder.EclipseLogger - skip non existing resourceDirectory C:\Users\vadiraj.Rajendra\Desktop\Design Pattern Assignments\Abstractfactory\src\main\resources
2019-01-24 22:25:13,470 [Worker-15: Building workspace] INFO  o.e.m.c.i.embedder.EclipseLogger - Using 'UTF-8' encoding to copy filtered resources.
2019-01-24 22:25:13,471 [Worker-15: Building workspace] INFO  o.e.m.c.i.embedder.EclipseLogger - skip non existing resourceDirectory C:\Users\vadiraj.Rajendra\Desktop\Design Pattern Assignments\Abstractfactory\src\test\resources
2019-01-24 22:26:46,882 [Worker-18: Building workspace] INFO  o.e.m.c.i.embedder.EclipseLogger - Using 'UTF-8' encoding to copy filtered resources.
2019-01-24 22:26:46,882 [Worker-18: Building workspace] INFO  o.e.m.c.i.embedder.EclipseLogger - skip non existing resourceDirectory C:\Users\vadiraj.Rajendra\Desktop\Design Pattern Assignments\Abstractfactory\src\main\resources
2019-01-24 22:26:46,884 [Worker-18: Building workspace] INFO  o.e.m.c.i.embedder.EclipseLogger - Using 'UTF-8' encoding to copy filtered resources.
2019-01-24 22:26:46,885 [Worker-18: Building workspace] INFO  o.e.m.c.i.embedder.EclipseLogger - skip non existing resourceDirectory C:\Users\vadiraj.Rajendra\Desktop\Design Pattern Assignments\Abstractfactory\src\test\resources
2019-01-24 22:27:49,494 [Worker-15: Building workspace] INFO  o.e.m.c.i.embedder.EclipseLogger - Using 'UTF-8' encoding to copy filtered resources.
2019-01-24 22:27:49,494 [Worker-15: Building workspace] INFO  o.e.m.c.i.embedder.EclipseLogger - skip non existing resourceDirectory C:\Users\vadiraj.Rajendra\Desktop\Design Pattern Assignments\Abstractfactory\src\main\resources
2019-01-24 22:27:49,496 [Worker-15: Building workspace] INFO  o.e.m.c.i.embedder.EclipseLogger - Using 'UTF-8' encoding to copy filtered resources.
2019-01-24 22:27:49,497 [Worker-15: Building workspace] INFO  o.e.m.c.i.embedder.EclipseLogger - skip non existing resourceDirectory C:\Users\vadiraj.Rajendra\Desktop\Design Pattern Assignments\Abstractfactory\src\test\resources
2019-01-24 22:32:39,556 [Worker-17: Building workspace] INFO  o.e.m.c.i.embedder.EclipseLogger - Using 'UTF-8' encoding to copy filtered resources.
2019-01-24 22:32:39,556 [Worker-17: Building workspace] INFO  o.e.m.c.i.embedder.EclipseLogger - skip non existing resourceDirectory C:\Users\vadiraj.Rajendra\Desktop\Design Pattern Assignments\Abstractfactory\src\main\resources
2019-01-24 22:32:39,557 [Worker-17: Building workspace] INFO  o.e.m.c.i.embedder.EclipseLogger - Using 'UTF-8' encoding to copy filtered resources.
2019-01-24 22:32:39,557 [Worker-17: Building workspace] INFO  o.e.m.c.i.embedder.EclipseLogger - skip non existing resourceDirectory C:\Users\vadiraj.Rajendra\Desktop\Design Pattern Assignments\Abstractfactory\src\test\resources
2019-01-24 22:33:43,165 [Worker-20: Building workspace] INFO  o.e.m.c.i.embedder.EclipseLogger - Using 'UTF-8' encoding to copy filtered resources.
2019-01-24 22:33:43,165 [Worker-20: Building workspace] INFO  o.e.m.c.i.embedder.EclipseLogger - skip non existing resourceDirectory C:\Users\vadiraj.Rajendra\Desktop\Design Pattern Assignments\Abstractfactory\src\main\resources
2019-01-24 22:33:43,166 [Worker-20: Building workspace] INFO  o.e.m.c.i.embedder.EclipseLogger - Using 'UTF-8' encoding to copy filtered resources.
2019-01-24 22:33:43,167 [Worker-20: Building workspace] INFO  o.e.m.c.i.embedder.EclipseLogger - skip non existing resourceDirectory C:\Users\vadiraj.Rajendra\Desktop\Design Pattern Assignments\Abstractfactory\src\test\resources
2019-01-24 22:35:33,412 [Worker-20: Building workspace] INFO  o.e.m.c.i.embedder.EclipseLogger - Using 'UTF-8' encoding to copy filtered resources.
2019-01-24 22:35:33,413 [Worker-20: Building workspace] INFO  o.e.m.c.i.embedder.EclipseLogger - skip non existing resourceDirectory C:\Users\vadiraj.Rajendra\Desktop\Design Pattern Assignments\Abstractfactory\src\main\resources
2019-01-24 22:35:33,418 [Worker-20: Building workspace] INFO  o.e.m.c.i.embedder.EclipseLogger - Using 'UTF-8' encoding to copy filtered resources.
2019-01-24 22:35:33,421 [Worker-20: Building workspace] INFO  o.e.m.c.i.embedder.EclipseLogger - skip non existing resourceDirectory C:\Users\vadiraj.Rajendra\Desktop\Design Pattern Assignments\Abstractfactory\src\test\resources
2019-01-24 22:36:31,848 [Worker-18: Building workspace] INFO  o.e.m.c.i.embedder.EclipseLogger - Using 'UTF-8' encoding to copy filtered resources.
2019-01-24 22:36:31,848 [Worker-18: Building workspace] INFO  o.e.m.c.i.embedder.EclipseLogger - skip non existing resourceDirectory C:\Users\vadiraj.Rajendra\Desktop\Design Pattern Assignments\Abstractfactory\src\main\resources
2019-01-24 22:36:31,849 [Worker-18: Building workspace] INFO  o.e.m.c.i.embedder.EclipseLogger - Using 'UTF-8' encoding to copy filtered resources.
2019-01-24 22:36:31,849 [Worker-18: Building workspace] INFO  o.e.m.c.i.embedder.EclipseLogger - skip non existing resourceDirectory C:\Users\vadiraj.Rajendra\Desktop\Design Pattern Assignments\Abstractfactory\src\test\resources
2019-01-24 22:37:52,671 [Worker-21: Building workspace] INFO  o.e.m.c.i.embedder.EclipseLogger - Using 'UTF-8' encoding to copy filtered resources.
2019-01-24 22:37:52,671 [Worker-21: Building workspace] INFO  o.e.m.c.i.embedder.EclipseLogger - skip non existing resourceDirectory C:\Users\vadiraj.Rajendra\Desktop\Design Pattern Assignments\Abstractfactory\src\main\resources
2019-01-24 22:37:52,675 [Worker-21: Building workspace] INFO  o.e.m.c.i.embedder.EclipseLogger - Using 'UTF-8' encoding to copy filtered resources.
2019-01-24 22:37:52,675 [Worker-21: Building workspace] INFO  o.e.m.c.i.embedder.EclipseLogger - skip non existing resourceDirectory C:\Users\vadiraj.Rajendra\Desktop\Design Pattern Assignments\Abstractfactory\src\test\resources
2019-01-24 22:39:34,307 [Worker-20: Building workspace] INFO  o.e.m.c.i.embedder.EclipseLogger - Using 'UTF-8' encoding to copy filtered resources.
2019-01-24 22:39:34,308 [Worker-20: Building workspace] INFO  o.e.m.c.i.embedder.EclipseLogger - skip non existing resourceDirectory C:\Users\vadiraj.Rajendra\Desktop\Design Pattern Assignments\Abstractfactory\src\main\resources
2019-01-24 22:39:34,311 [Worker-20: Building workspace] INFO  o.e.m.c.i.embedder.EclipseLogger - Using 'UTF-8' encoding to copy filtered resources.
2019-01-24 22:39:34,311 [Worker-20: Building workspace] INFO  o.e.m.c.i.embedder.EclipseLogger - skip non existing resourceDirectory C:\Users\vadiraj.Rajendra\Desktop\Design Pattern Assignments\Abstractfactory\src\test\resources
2019-01-24 22:43:47,561 [Worker-23: Building workspace] INFO  o.e.m.c.i.embedder.EclipseLogger - Using 'UTF-8' encoding to copy filtered resources.
2019-01-24 22:43:47,561 [Worker-23: Building workspace] INFO  o.e.m.c.i.embedder.EclipseLogger - skip non existing resourceDirectory C:\Users\vadiraj.Rajendra\Desktop\Design Pattern Assignments\Abstractfactory\src\main\resources
2019-01-24 22:43:47,561 [Worker-23: Building workspace] INFO  o.e.m.c.i.embedder.EclipseLogger - Using 'UTF-8' encoding to copy filtered resources.
2019-01-24 22:43:47,561 [Worker-23: Building workspace] INFO  o.e.m.c.i.embedder.EclipseLogger - skip non existing resourceDirectory C:\Users\vadiraj.Rajendra\Desktop\Design Pattern Assignments\Abstractfactory\src\test\resources
2019-01-24 22:46:53,401 [Worker-25: Building workspace] INFO  o.e.m.c.i.embedder.EclipseLogger - Using 'UTF-8' encoding to copy filtered resources.
2019-01-24 22:46:53,402 [Worker-25: Building workspace] INFO  o.e.m.c.i.embedder.EclipseLogger - skip non existing resourceDirectory C:\Users\vadiraj.Rajendra\Desktop\Design Pattern Assignments\Abstractfactory\src\main\resources
2019-01-24 22:46:53,402 [Worker-25: Building workspace] INFO  o.e.m.c.i.embedder.EclipseLogger - Using 'UTF-8' encoding to copy filtered resources.
2019-01-24 22:46:53,406 [Worker-25: Building workspace] INFO  o.e.m.c.i.embedder.EclipseLogger - skip non existing resourceDirectory C:\Users\vadiraj.Rajendra\Desktop\Design Pattern Assignments\Abstractfactory\src\test\resources
2019-01-24 22:48:11,082 [Worker-24: Building workspace] INFO  o.e.m.c.i.embedder.EclipseLogger - Using 'UTF-8' encoding to copy filtered resources.
2019-01-24 22:48:11,082 [Worker-24: Building workspace] INFO  o.e.m.c.i.embedder.EclipseLogger - skip non existing resourceDirectory C:\Users\vadiraj.Rajendra\Desktop\Design Pattern Assignments\Abstractfactory\src\main\resources
2019-01-24 22:48:11,084 [Worker-24: Building workspace] INFO  o.e.m.c.i.embedder.EclipseLogger - Using 'UTF-8' encoding to copy filtered resources.
2019-01-24 22:48:11,086 [Worker-24: Building workspace] INFO  o.e.m.c.i.embedder.EclipseLogger - skip non existing resourceDirectory C:\Users\vadiraj.Rajendra\Desktop\Design Pattern Assignments\Abstractfactory\src\test\resources
2019-01-24 22:49:04,235 [Worker-18: Building workspace] INFO  o.e.m.c.i.embedder.EclipseLogger - Using 'UTF-8' encoding to copy filtered resources.
2019-01-24 22:49:04,235 [Worker-18: Building workspace] INFO  o.e.m.c.i.embedder.EclipseLogger - skip non existing resourceDirectory C:\Users\vadiraj.Rajendra\Desktop\Design Pattern Assignments\Abstractfactory\src\main\resources
2019-01-24 22:49:04,235 [Worker-18: Building workspace] INFO  o.e.m.c.i.embedder.EclipseLogger - Using 'UTF-8' encoding to copy filtered resources.
2019-01-24 22:49:04,235 [Worker-18: Building workspace] INFO  o.e.m.c.i.embedder.EclipseLogger - skip non existing resourceDirectory C:\Users\vadiraj.Rajendra\Desktop\Design Pattern Assignments\Abstractfactory\src\test\resources
2019-01-25 15:06:02,341 [Worker-104: Creating maven-archetype-quickstart] INFO  o.e.m.c.i.p.ProjectConfigurationManager - Collecting project info '/pom.xml' C:\Users\vadiraj.Rajendra\Desktop\Design Pattern Assignments\Adpaterdesign\pom.xml
2019-01-25 15:06:03,227 [Worker-104: Creating maven-archetype-quickstart] INFO  o.e.m.c.i.l.LifecycleMappingFactory - Using org.eclipse.m2e.jdt.JarLifecycleMapping lifecycle mapping for MavenProject: com.designpatters:Adpaterdesign:0.0.1-SNAPSHOT @ C:\Users\vadiraj.Rajendra\Desktop\Design Pattern Assignments\Adpaterdesign\pom.xml.
2019-01-25 15:06:03,548 [Worker-104: Creating maven-archetype-quickstart] INFO  o.e.m.j.i.AbstractJavaProjectConfigurator - Adding source folder /Adpaterdesign/src/main/java
2019-01-25 15:06:03,566 [Worker-104: Creating maven-archetype-quickstart] INFO  o.e.m.j.i.AbstractJavaProjectConfigurator - Adding source folder /Adpaterdesign/src/test/java
2019-01-25 15:06:04,078 [Worker-104: Creating maven-archetype-quickstart] INFO  o.e.m.c.i.p.ProjectConfigurationManager - Imported and configured 1 project(s) in 1 sec
2019-01-25 15:06:04,680 [Worker-106: Building workspace] INFO  o.e.m.c.i.embedder.EclipseLogger - Using 'UTF-8' encoding to copy filtered resources.
2019-01-25 15:06:04,680 [Worker-106: Building workspace] INFO  o.e.m.c.i.embedder.EclipseLogger - skip non existing resourceDirectory C:\Users\vadiraj.Rajendra\Desktop\Design Pattern Assignments\Adpaterdesign\src\main\resources
2019-01-25 15:06:04,683 [Worker-106: Building workspace] INFO  o.e.m.c.i.embedder.EclipseLogger - Using 'UTF-8' encoding to copy filtered resources.
2019-01-25 15:06:04,683 [Worker-106: Building workspace] INFO  o.e.m.c.i.embedder.EclipseLogger - skip non existing resourceDirectory C:\Users\vadiraj.Rajendra\Desktop\Design Pattern Assignments\Adpaterdesign\src\test\resources
2019-01-25 15:13:55,176 [Worker-104: Building workspace] INFO  o.e.m.c.i.embedder.EclipseLogger - Using 'UTF-8' encoding to copy filtered resources.
2019-01-25 15:13:55,178 [Worker-104: Building workspace] INFO  o.e.m.c.i.embedder.EclipseLogger - skip non existing resourceDirectory C:\Users\vadiraj.Rajendra\Desktop\Design Pattern Assignments\Adpaterdesign\src\main\resources
2019-01-25 15:13:55,179 [Worker-104: Building workspace] INFO  o.e.m.c.i.embedder.EclipseLogger - Using 'UTF-8' encoding to copy filtered resources.
2019-01-25 15:13:55,179 [Worker-104: Building workspace] INFO  o.e.m.c.i.embedder.EclipseLogger - skip non existing resourceDirectory C:\Users\vadiraj.Rajendra\Desktop\Design Pattern Assignments\Adpaterdesign\src\test\resources
2019-01-25 15:15:24,902 [Worker-109: Building workspace] INFO  o.e.m.c.i.embedder.EclipseLogger - Using 'UTF-8' encoding to copy filtered resources.
2019-01-25 15:15:24,906 [Worker-109: Building workspace] INFO  o.e.m.c.i.embedder.EclipseLogger - skip non existing resourceDirectory C:\Users\vadiraj.Rajendra\Desktop\Design Pattern Assignments\Adpaterdesign\src\main\resources
2019-01-25 15:15:24,908 [Worker-109: Building workspace] INFO  o.e.m.c.i.embedder.EclipseLogger - Using 'UTF-8' encoding to copy filtered resources.
2019-01-25 15:15:24,908 [Worker-109: Building workspace] INFO  o.e.m.c.i.embedder.EclipseLogger - skip non existing resourceDirectory C:\Users\vadiraj.Rajendra\Desktop\Design Pattern Assignments\Adpaterdesign\src\test\resources
2019-01-25 15:15:33,571 [Worker-104: Building workspace] INFO  o.e.m.c.i.embedder.EclipseLogger - Using 'UTF-8' encoding to copy filtered resources.
2019-01-25 15:15:33,572 [Worker-104: Building workspace] INFO  o.e.m.c.i.embedder.EclipseLogger - skip non existing resourceDirectory C:\Users\vadiraj.Rajendra\Desktop\Design Pattern Assignments\Adpaterdesign\src\main\resources
2019-01-25 15:15:33,573 [Worker-104: Building workspace] INFO  o.e.m.c.i.embedder.EclipseLogger - Using 'UTF-8' encoding to copy filtered resources.
2019-01-25 15:15:33,573 [Worker-104: Building workspace] INFO  o.e.m.c.i.embedder.EclipseLogger - skip non existing resourceDirectory C:\Users\vadiraj.Rajendra\Desktop\Design Pattern Assignments\Adpaterdesign\src\test\resources
2019-01-25 15:16:11,168 [Worker-109: Building workspace] INFO  o.e.m.c.i.embedder.EclipseLogger - Using 'UTF-8' encoding to copy filtered resources.
2019-01-25 15:16:11,168 [Worker-109: Building workspace] INFO  o.e.m.c.i.embedder.EclipseLogger - skip non existing resourceDirectory C:\Users\vadiraj.Rajendra\Desktop\Design Pattern Assignments\Adpaterdesign\src\main\resources
2019-01-25 15:16:11,171 [Worker-109: Building workspace] INFO  o.e.m.c.i.embedder.EclipseLogger - Using 'UTF-8' encoding to copy filtered resources.
2019-01-25 15:16:11,172 [Worker-109: Building workspace] INFO  o.e.m.c.i.embedder.EclipseLogger - skip non existing resourceDirectory C:\Users\vadiraj.Rajendra\Desktop\Design Pattern Assignments\Adpaterdesign\src\test\resources
2019-01-25 15:16:48,958 [Worker-104: Building workspace] INFO  o.e.m.c.i.embedder.EclipseLogger - Using 'UTF-8' encoding to copy filtered resources.
2019-01-25 15:16:48,960 [Worker-104: Building workspace] INFO  o.e.m.c.i.embedder.EclipseLogger - skip non existing resourceDirectory C:\Users\vadiraj.Rajendra\Desktop\Design Pattern Assignments\Adpaterdesign\src\main\resources
2019-01-25 15:16:48,964 [Worker-104: Building workspace] INFO  o.e.m.c.i.embedder.EclipseLogger - Using 'UTF-8' encoding to copy filtered resources.
2019-01-25 15:16:48,964 [Worker-104: Building workspace] INFO  o.e.m.c.i.embedder.EclipseLogger - skip non existing resourceDirectory C:\Users\vadiraj.Rajendra\Desktop\Design Pattern Assignments\Adpaterdesign\src\test\resources
2019-01-25 15:16:58,458 [Worker-111: Building workspace] INFO  o.e.m.c.i.embedder.EclipseLogger - Using 'UTF-8' encoding to copy filtered resources.
2019-01-25 15:16:58,458 [Worker-111: Building workspace] INFO  o.e.m.c.i.embedder.EclipseLogger - skip non existing resourceDirectory C:\Users\vadiraj.Rajendra\Desktop\Design Pattern Assignments\Adpaterdesign\src\main\resources
2019-01-25 15:16:58,458 [Worker-111: Building workspace] INFO  o.e.m.c.i.embedder.EclipseLogger - Using 'UTF-8' encoding to copy filtered resources.
2019-01-25 15:16:58,459 [Worker-111: Building workspace] INFO  o.e.m.c.i.embedder.EclipseLogger - skip non existing resourceDirectory C:\Users\vadiraj.Rajendra\Desktop\Design Pattern Assignments\Adpaterdesign\src\test\resources
2019-01-25 15:18:27,734 [Worker-113: Building workspace] INFO  o.e.m.c.i.embedder.EclipseLogger - Using 'UTF-8' encoding to copy filtered resources.
2019-01-25 15:18:27,735 [Worker-113: Building workspace] INFO  o.e.m.c.i.embedder.EclipseLogger - skip non existing resourceDirectory C:\Users\vadiraj.Rajendra\Desktop\Design Pattern Assignments\Adpaterdesign\src\main\resources
2019-01-25 15:18:27,737 [Worker-113: Building workspace] INFO  o.e.m.c.i.embedder.EclipseLogger - Using 'UTF-8' encoding to copy filtered resources.
2019-01-25 15:18:27,738 [Worker-113: Building workspace] INFO  o.e.m.c.i.embedder.EclipseLogger - skip non existing resourceDirectory C:\Users\vadiraj.Rajendra\Desktop\Design Pattern Assignments\Adpaterdesign\src\test\resources
2019-01-25 15:19:04,994 [Worker-111: Building workspace] INFO  o.e.m.c.i.embedder.EclipseLogger - Using 'UTF-8' encoding to copy filtered resources.
2019-01-25 15:19:04,994 [Worker-111: Building workspace] INFO  o.e.m.c.i.embedder.EclipseLogger - skip non existing resourceDirectory C:\Users\vadiraj.Rajendra\Desktop\Design Pattern Assignments\Adpaterdesign\src\main\resources
2019-01-25 15:19:04,996 [Worker-111: Building workspace] INFO  o.e.m.c.i.embedder.EclipseLogger - Using 'UTF-8' encoding to copy filtered resources.
2019-01-25 15:19:04,996 [Worker-111: Building workspace] INFO  o.e.m.c.i.embedder.EclipseLogger - skip non existing resourceDirectory C:\Users\vadiraj.Rajendra\Desktop\Design Pattern Assignments\Adpaterdesign\src\test\resources
2019-01-25 15:19:33,822 [Worker-104: Building workspace] INFO  o.e.m.c.i.embedder.EclipseLogger - Using 'UTF-8' encoding to copy filtered resources.
2019-01-25 15:19:33,823 [Worker-104: Building workspace] INFO  o.e.m.c.i.embedder.EclipseLogger - skip non existing resourceDirectory C:\Users\vadiraj.Rajendra\Desktop\Design Pattern Assignments\Adpaterdesign\src\main\resources
2019-01-25 15:19:33,824 [Worker-104: Building workspace] INFO  o.e.m.c.i.embedder.EclipseLogger - Using 'UTF-8' encoding to copy filtered resources.
2019-01-25 15:19:33,824 [Worker-104: Building workspace] INFO  o.e.m.c.i.embedder.EclipseLogger - skip non existing resourceDirectory C:\Users\vadiraj.Rajendra\Desktop\Design Pattern Assignments\Adpaterdesign\src\test\resources
2019-01-25 15:20:14,039 [Worker-112: Building workspace] INFO  o.e.m.c.i.embedder.EclipseLogger - Using 'UTF-8' encoding to copy filtered resources.
2019-01-25 15:20:14,039 [Worker-112: Building workspace] INFO  o.e.m.c.i.embedder.EclipseLogger - skip non existing resourceDirectory C:\Users\vadiraj.Rajendra\Desktop\Design Pattern Assignments\Adpaterdesign\src\main\resources
2019-01-25 15:20:14,041 [Worker-112: Building workspace] INFO  o.e.m.c.i.embedder.EclipseLogger - Using 'UTF-8' encoding to copy filtered resources.
2019-01-25 15:20:14,041 [Worker-112: Building workspace] INFO  o.e.m.c.i.embedder.EclipseLogger - skip non existing resourceDirectory C:\Users\vadiraj.Rajendra\Desktop\Design Pattern Assignments\Adpaterdesign\src\test\resources
2019-01-25 15:22:01,617 [Worker-105: Building workspace] INFO  o.e.m.c.i.embedder.EclipseLogger - Using 'UTF-8' encoding to copy filtered resources.
2019-01-25 15:22:01,619 [Worker-105: Building workspace] INFO  o.e.m.c.i.embedder.EclipseLogger - skip non existing resourceDirectory C:\Users\vadiraj.Rajendra\Desktop\Design Pattern Assignments\Adpaterdesign\src\main\resources
2019-01-25 15:22:01,620 [Worker-105: Building workspace] INFO  o.e.m.c.i.embedder.EclipseLogger - Using 'UTF-8' encoding to copy filtered resources.
2019-01-25 15:22:01,621 [Worker-105: Building workspace] INFO  o.e.m.c.i.embedder.EclipseLogger - skip non existing resourceDirectory C:\Users\vadiraj.Rajendra\Desktop\Design Pattern Assignments\Adpaterdesign\src\test\resources
2019-01-25 15:23:18,309 [Worker-110: Building workspace] INFO  o.e.m.c.i.embedder.EclipseLogger - Using 'UTF-8' encoding to copy filtered resources.
2019-01-25 15:23:18,309 [Worker-110: Building workspace] INFO  o.e.m.c.i.embedder.EclipseLogger - skip non existing resourceDirectory C:\Users\vadiraj.Rajendra\Desktop\Design Pattern Assignments\Adpaterdesign\src\main\resources
2019-01-25 15:23:18,311 [Worker-110: Building workspace] INFO  o.e.m.c.i.embedder.EclipseLogger - Using 'UTF-8' encoding to copy filtered resources.
2019-01-25 15:23:18,312 [Worker-110: Building workspace] INFO  o.e.m.c.i.embedder.EclipseLogger - skip non existing resourceDirectory C:\Users\vadiraj.Rajendra\Desktop\Design Pattern Assignments\Adpaterdesign\src\test\resources
2019-01-25 15:24:45,984 [Worker-112: Building workspace] INFO  o.e.m.c.i.embedder.EclipseLogger - Using 'UTF-8' encoding to copy filtered resources.
2019-01-25 15:24:45,984 [Worker-112: Building workspace] INFO  o.e.m.c.i.embedder.EclipseLogger - skip non existing resourceDirectory C:\Users\vadiraj.Rajendra\Desktop\Design Pattern Assignments\Adpaterdesign\src\main\resources
2019-01-25 15:24:45,987 [Worker-112: Building workspace] INFO  o.e.m.c.i.embedder.EclipseLogger - Using 'UTF-8' encoding to copy filtered resources.
2019-01-25 15:24:45,988 [Worker-112: Building workspace] INFO  o.e.m.c.i.embedder.EclipseLogger - skip non existing resourceDirectory C:\Users\vadiraj.Rajendra\Desktop\Design Pattern Assignments\Adpaterdesign\src\test\resources
2019-01-25 15:39:46,621 [Worker-121: Building workspace] INFO  o.e.m.c.i.embedder.EclipseLogger - Using 'UTF-8' encoding to copy filtered resources.
2019-01-25 15:39:46,621 [Worker-121: Building workspace] INFO  o.e.m.c.i.embedder.EclipseLogger - skip non existing resourceDirectory C:\Users\vadiraj.Rajendra\Desktop\Design Pattern Assignments\Adpaterdesign\src\main\resources
2019-01-25 15:39:46,621 [Worker-121: Building workspace] INFO  o.e.m.c.i.embedder.EclipseLogger - Using 'UTF-8' encoding to copy filtered resources.
2019-01-25 15:39:46,621 [Worker-121: Building workspace] INFO  o.e.m.c.i.embedder.EclipseLogger - skip non existing resourceDirectory C:\Users\vadiraj.Rajendra\Desktop\Design Pattern Assignments\Adpaterdesign\src\test\resources
2019-01-25 22:54:38,638 [Worker-2: Loading available Gradle versions] INFO  o.e.b.c.i.u.g.PublishedGradleVersions - Gradle version information cache is out-of-date. Trying to update.
2019-01-25 22:57:13,975 [Worker-15: Building workspace] INFO  o.e.m.c.i.embedder.EclipseLogger - Using 'UTF-8' encoding to copy filtered resources.
2019-01-25 22:57:13,976 [Worker-15: Building workspace] INFO  o.e.m.c.i.embedder.EclipseLogger - skip non existing resourceDirectory C:\Users\vadiraj.Rajendra\Desktop\Design Pattern Assignments\Abstractfactory\src\main\resources
2019-01-25 22:57:13,978 [Worker-15: Building workspace] INFO  o.e.m.c.i.embedder.EclipseLogger - Using 'UTF-8' encoding to copy filtered resources.
2019-01-25 22:57:13,978 [Worker-15: Building workspace] INFO  o.e.m.c.i.embedder.EclipseLogger - skip non existing resourceDirectory C:\Users\vadiraj.Rajendra\Desktop\Design Pattern Assignments\Abstractfactory\src\test\resources
2019-01-25 22:57:17,484 [Worker-16: Building workspace] INFO  o.e.m.c.i.embedder.EclipseLogger - Using 'UTF-8' encoding to copy filtered resources.
2019-01-25 22:57:17,484 [Worker-16: Building workspace] INFO  o.e.m.c.i.embedder.EclipseLogger - skip non existing resourceDirectory C:\Users\vadiraj.Rajendra\Desktop\Design Pattern Assignments\Adpaterdesign\src\main\resources
2019-01-25 22:57:17,486 [Worker-16: Building workspace] INFO  o.e.m.c.i.embedder.EclipseLogger - Using 'UTF-8' encoding to copy filtered resources.
2019-01-25 22:57:17,486 [Worker-16: Building workspace] INFO  o.e.m.c.i.embedder.EclipseLogger - skip non existing resourceDirectory C:\Users\vadiraj.Rajendra\Desktop\Design Pattern Assignments\Adpaterdesign\src\test\resources
2019-01-25 23:13:20,165 [Worker-13: Building workspace] INFO  o.e.m.c.i.embedder.EclipseLogger - Using 'UTF-8' encoding to copy filtered resources.
2019-01-25 23:13:20,165 [Worker-13: Building workspace] INFO  o.e.m.c.i.embedder.EclipseLogger - skip non existing resourceDirectory C:\Users\vadiraj.Rajendra\Desktop\Design Pattern Assignments\Adpaterdesign\src\main\resources
2019-01-25 23:13:20,181 [Worker-13: Building workspace] INFO  o.e.m.c.i.embedder.EclipseLogger - Using 'UTF-8' encoding to copy filtered resources.
2019-01-25 23:13:20,181 [Worker-13: Building workspace] INFO  o.e.m.c.i.embedder.EclipseLogger - skip non existing resourceDirectory C:\Users\vadiraj.Rajendra\Desktop\Design Pattern Assignments\Adpaterdesign\src\test\resources
2019-01-25 23:14:16,945 [Worker-20: Creating maven-archetype-quickstart] INFO  o.e.m.c.i.p.ProjectConfigurationManager - Collecting project info '/pom.xml' C:\Users\vadiraj.Rajendra\Desktop\Design Pattern Assignments\Observablepattern\pom.xml
2019-01-25 23:14:19,873 [Worker-20: Creating maven-archetype-quickstart] INFO  o.e.m.c.i.l.LifecycleMappingFactory - Using org.eclipse.m2e.jdt.JarLifecycleMapping lifecycle mapping for MavenProject: com.au:Observablepattern:0.0.1-SNAPSHOT @ C:\Users\vadiraj.Rajendra\Desktop\Design Pattern Assignments\Observablepattern\pom.xml.
2019-01-25 23:14:20,211 [Worker-20: Creating maven-archetype-quickstart] INFO  o.e.m.j.i.AbstractJavaProjectConfigurator - Adding source folder /Observablepattern/src/main/java
2019-01-25 23:14:20,227 [Worker-20: Creating maven-archetype-quickstart] INFO  o.e.m.j.i.AbstractJavaProjectConfigurator - Adding source folder /Observablepattern/src/test/java
2019-01-25 23:14:20,336 [Worker-20: Creating maven-archetype-quickstart] INFO  o.e.m.c.i.p.ProjectConfigurationManager - Imported and configured 1 project(s) in 3 sec
2019-01-25 23:14:20,759 [Worker-18: Building workspace] INFO  o.e.m.c.i.embedder.EclipseLogger - Using 'UTF-8' encoding to copy filtered resources.
2019-01-25 23:14:20,759 [Worker-18: Building workspace] INFO  o.e.m.c.i.embedder.EclipseLogger - skip non existing resourceDirectory C:\Users\vadiraj.Rajendra\Desktop\Design Pattern Assignments\Observablepattern\src\main\resources
2019-01-25 23:14:20,759 [Worker-18: Building workspace] INFO  o.e.m.c.i.embedder.EclipseLogger - Using 'UTF-8' encoding to copy filtered resources.
2019-01-25 23:14:20,759 [Worker-18: Building workspace] INFO  o.e.m.c.i.embedder.EclipseLogger - skip non existing resourceDirectory C:\Users\vadiraj.Rajendra\Desktop\Design Pattern Assignments\Observablepattern\src\test\resources
2019-01-25 23:14:38,239 [Worker-18: Building workspace] INFO  o.e.m.c.i.embedder.EclipseLogger - Using 'UTF-8' encoding to copy filtered resources.
2019-01-25 23:14:38,239 [Worker-18: Building workspace] INFO  o.e.m.c.i.embedder.EclipseLogger - skip non existing resourceDirectory C:\Users\vadiraj.Rajendra\Desktop\Design Pattern Assignments\Observablepattern\src\main\resources
2019-01-25 23:14:38,254 [Worker-18: Building workspace] INFO  o.e.m.c.i.embedder.EclipseLogger - Using 'UTF-8' encoding to copy filtered resources.
2019-01-25 23:14:38,254 [Worker-18: Building workspace] INFO  o.e.m.c.i.embedder.EclipseLogger - skip non existing resourceDirectory C:\Users\vadiraj.Rajendra\Desktop\Design Pattern Assignments\Observablepattern\src\test\resources
2019-01-25 23:24:49,380 [Worker-24: Building workspace] INFO  o.e.m.c.i.embedder.EclipseLogger - Using 'UTF-8' encoding to copy filtered resources.
2019-01-25 23:24:49,380 [Worker-24: Building workspace] INFO  o.e.m.c.i.embedder.EclipseLogger - skip non existing resourceDirectory C:\Users\vadiraj.Rajendra\Desktop\Design Pattern Assignments\Observablepattern\src\main\resources
2019-01-25 23:24:49,381 [Worker-24: Building workspace] INFO  o.e.m.c.i.embedder.EclipseLogger - Using 'UTF-8' encoding to copy filtered resources.
2019-01-25 23:24:49,382 [Worker-24: Building workspace] INFO  o.e.m.c.i.embedder.EclipseLogger - skip non existing resourceDirectory C:\Users\vadiraj.Rajendra\Desktop\Design Pattern Assignments\Observablepattern\src\test\resources
2019-01-25 23:26:31,264 [Worker-24: Building workspace] INFO  o.e.m.c.i.embedder.EclipseLogger - Using 'UTF-8' encoding to copy filtered resources.
2019-01-25 23:26:31,264 [Worker-24: Building workspace] INFO  o.e.m.c.i.embedder.EclipseLogger - skip non existing resourceDirectory C:\Users\vadiraj.Rajendra\Desktop\Design Pattern Assignments\Observablepattern\src\main\resources
2019-01-25 23:26:31,264 [Worker-24: Building workspace] INFO  o.e.m.c.i.embedder.EclipseLogger - Using 'UTF-8' encoding to copy filtered resources.
2019-01-25 23:26:31,264 [Worker-24: Building workspace] INFO  o.e.m.c.i.embedder.EclipseLogger - skip non existing resourceDirectory C:\Users\vadiraj.Rajendra\Desktop\Design Pattern Assignments\Observablepattern\src\test\resources
2019-01-25 23:27:29,229 [Worker-25: Building workspace] INFO  o.e.m.c.i.embedder.EclipseLogger - Using 'UTF-8' encoding to copy filtered resources.
2019-01-25 23:27:29,229 [Worker-25: Building workspace] INFO  o.e.m.c.i.embedder.EclipseLogger - skip non existing resourceDirectory C:\Users\vadiraj.Rajendra\Desktop\Design Pattern Assignments\Observablepattern\src\main\resources
2019-01-25 23:27:29,231 [Worker-25: Building workspace] INFO  o.e.m.c.i.embedder.EclipseLogger - Using 'UTF-8' encoding to copy filtered resources.
2019-01-25 23:27:29,231 [Worker-25: Building workspace] INFO  o.e.m.c.i.embedder.EclipseLogger - skip non existing resourceDirectory C:\Users\vadiraj.Rajendra\Desktop\Design Pattern Assignments\Observablepattern\src\test\resources
2019-01-25 23:28:44,038 [Worker-22: Building workspace] INFO  o.e.m.c.i.embedder.EclipseLogger - Using 'UTF-8' encoding to copy filtered resources.
2019-01-25 23:28:44,038 [Worker-22: Building workspace] INFO  o.e.m.c.i.embedder.EclipseLogger - skip non existing resourceDirectory C:\Users\vadiraj.Rajendra\Desktop\Design Pattern Assignments\Observablepattern\src\main\resources
2019-01-25 23:28:44,040 [Worker-22: Building workspace] INFO  o.e.m.c.i.embedder.EclipseLogger - Using 'UTF-8' encoding to copy filtered resources.
2019-01-25 23:28:44,040 [Worker-22: Building workspace] INFO  o.e.m.c.i.embedder.EclipseLogger - skip non existing resourceDirectory C:\Users\vadiraj.Rajendra\Desktop\Design Pattern Assignments\Observablepattern\src\test\resources
2019-01-25 23:29:28,595 [Worker-26: Building workspace] INFO  o.e.m.c.i.embedder.EclipseLogger - Using 'UTF-8' encoding to copy filtered resources.
2019-01-25 23:29:28,595 [Worker-26: Building workspace] INFO  o.e.m.c.i.embedder.EclipseLogger - skip non existing resourceDirectory C:\Users\vadiraj.Rajendra\Desktop\Design Pattern Assignments\Observablepattern\src\main\resources
2019-01-25 23:29:28,595 [Worker-26: Building workspace] INFO  o.e.m.c.i.embedder.EclipseLogger - Using 'UTF-8' encoding to copy filtered resources.
2019-01-25 23:29:28,595 [Worker-26: Building workspace] INFO  o.e.m.c.i.embedder.EclipseLogger - skip non existing resourceDirectory C:\Users\vadiraj.Rajendra\Desktop\Design Pattern Assignments\Observablepattern\src\test\resources
2019-01-25 23:29:48,457 [Worker-24: Building workspace] INFO  o.e.m.c.i.embedder.EclipseLogger - Using 'UTF-8' encoding to copy filtered resources.
2019-01-25 23:29:48,457 [Worker-24: Building workspace] INFO  o.e.m.c.i.embedder.EclipseLogger - skip non existing resourceDirectory C:\Users\vadiraj.Rajendra\Desktop\Design Pattern Assignments\Observablepattern\src\main\resources
2019-01-25 23:29:48,457 [Worker-24: Building workspace] INFO  o.e.m.c.i.embedder.EclipseLogger - Using 'UTF-8' encoding to copy filtered resources.
2019-01-25 23:29:48,457 [Worker-24: Building workspace] INFO  o.e.m.c.i.embedder.EclipseLogger - skip non existing resourceDirectory C:\Users\vadiraj.Rajendra\Desktop\Design Pattern Assignments\Observablepattern\src\test\resources
2019-01-25 23:30:17,908 [Worker-25: Building workspace] INFO  o.e.m.c.i.embedder.EclipseLogger - Using 'UTF-8' encoding to copy filtered resources.
2019-01-25 23:30:17,908 [Worker-25: Building workspace] INFO  o.e.m.c.i.embedder.EclipseLogger - skip non existing resourceDirectory C:\Users\vadiraj.Rajendra\Desktop\Design Pattern Assignments\Observablepattern\src\main\resources
2019-01-25 23:30:17,908 [Worker-25: Building workspace] INFO  o.e.m.c.i.embedder.EclipseLogger - Using 'UTF-8' encoding to copy filtered resources.
2019-01-25 23:30:17,908 [Worker-25: Building workspace] INFO  o.e.m.c.i.embedder.EclipseLogger - skip non existing resourceDirectory C:\Users\vadiraj.Rajendra\Desktop\Design Pattern Assignments\Observablepattern\src\test\resources
2019-01-25 23:30:56,230 [Worker-26: Building workspace] INFO  o.e.m.c.i.embedder.EclipseLogger - Using 'UTF-8' encoding to copy filtered resources.
2019-01-25 23:30:56,230 [Worker-26: Building workspace] INFO  o.e.m.c.i.embedder.EclipseLogger - skip non existing resourceDirectory C:\Users\vadiraj.Rajendra\Desktop\Design Pattern Assignments\Observablepattern\src\main\resources
2019-01-25 23:30:56,230 [Worker-26: Building workspace] INFO  o.e.m.c.i.embedder.EclipseLogger - Using 'UTF-8' encoding to copy filtered resources.
2019-01-25 23:30:56,230 [Worker-26: Building workspace] INFO  o.e.m.c.i.embedder.EclipseLogger - skip non existing resourceDirectory C:\Users\vadiraj.Rajendra\Desktop\Design Pattern Assignments\Observablepattern\src\test\resources
2019-01-25 23:32:16,505 [Worker-27: Building workspace] INFO  o.e.m.c.i.embedder.EclipseLogger - Using 'UTF-8' encoding to copy filtered resources.
2019-01-25 23:32:16,505 [Worker-27: Building workspace] INFO  o.e.m.c.i.embedder.EclipseLogger - skip non existing resourceDirectory C:\Users\vadiraj.Rajendra\Desktop\Design Pattern Assignments\Observablepattern\src\main\resources
2019-01-25 23:32:16,505 [Worker-27: Building workspace] INFO  o.e.m.c.i.embedder.EclipseLogger - Using 'UTF-8' encoding to copy filtered resources.
2019-01-25 23:32:16,505 [Worker-27: Building workspace] INFO  o.e.m.c.i.embedder.EclipseLogger - skip non existing resourceDirectory C:\Users\vadiraj.Rajendra\Desktop\Design Pattern Assignments\Observablepattern\src\test\resources
2019-01-25 23:33:26,087 [Worker-25: Building workspace] INFO  o.e.m.c.i.embedder.EclipseLogger - Using 'UTF-8' encoding to copy filtered resources.
2019-01-25 23:33:26,087 [Worker-25: Building workspace] INFO  o.e.m.c.i.embedder.EclipseLogger - skip non existing resourceDirectory C:\Users\vadiraj.Rajendra\Desktop\Design Pattern Assignments\Observablepattern\src\main\resources
2019-01-25 23:33:26,087 [Worker-25: Building workspace] INFO  o.e.m.c.i.embedder.EclipseLogger - Using 'UTF-8' encoding to copy filtered resources.
2019-01-25 23:33:26,087 [Worker-25: Building workspace] INFO  o.e.m.c.i.embedder.EclipseLogger - skip non existing resourceDirectory C:\Users\vadiraj.Rajendra\Desktop\Design Pattern Assignments\Observablepattern\src\test\resources
2019-01-25 23:35:28,334 [Worker-25: Building workspace] INFO  o.e.m.c.i.embedder.EclipseLogger - Using 'UTF-8' encoding to copy filtered resources.
2019-01-25 23:35:28,334 [Worker-25: Building workspace] INFO  o.e.m.c.i.embedder.EclipseLogger - skip non existing resourceDirectory C:\Users\vadiraj.Rajendra\Desktop\Design Pattern Assignments\Observablepattern\src\main\resources
2019-01-25 23:35:28,337 [Worker-25: Building workspace] INFO  o.e.m.c.i.embedder.EclipseLogger - Using 'UTF-8' encoding to copy filtered resources.
2019-01-25 23:35:28,337 [Worker-25: Building workspace] INFO  o.e.m.c.i.embedder.EclipseLogger - skip non existing resourceDirectory C:\Users\vadiraj.Rajendra\Desktop\Design Pattern Assignments\Observablepattern\src\test\resources
2019-01-25 23:35:58,578 [Worker-26: Building workspace] INFO  o.e.m.c.i.embedder.EclipseLogger - Using 'UTF-8' encoding to copy filtered resources.
2019-01-25 23:35:58,578 [Worker-26: Building workspace] INFO  o.e.m.c.i.embedder.EclipseLogger - skip non existing resourceDirectory C:\Users\vadiraj.Rajendra\Desktop\Design Pattern Assignments\Observablepattern\src\main\resources
2019-01-25 23:35:58,580 [Worker-26: Building workspace] INFO  o.e.m.c.i.embedder.EclipseLogger - Using 'UTF-8' encoding to copy filtered resources.
2019-01-25 23:35:58,581 [Worker-26: Building workspace] INFO  o.e.m.c.i.embedder.EclipseLogger - skip non existing resourceDirectory C:\Users\vadiraj.Rajendra\Desktop\Design Pattern Assignments\Observablepattern\src\test\resources
2019-01-25 23:36:39,389 [Worker-27: Building workspace] INFO  o.e.m.c.i.embedder.EclipseLogger - Using 'UTF-8' encoding to copy filtered resources.
2019-01-25 23:36:39,389 [Worker-27: Building workspace] INFO  o.e.m.c.i.embedder.EclipseLogger - skip non existing resourceDirectory C:\Users\vadiraj.Rajendra\Desktop\Design Pattern Assignments\Observablepattern\src\main\resources
2019-01-25 23:36:39,390 [Worker-27: Building workspace] INFO  o.e.m.c.i.embedder.EclipseLogger - Using 'UTF-8' encoding to copy filtered resources.
2019-01-25 23:36:39,391 [Worker-27: Building workspace] INFO  o.e.m.c.i.embedder.EclipseLogger - skip non existing resourceDirectory C:\Users\vadiraj.Rajendra\Desktop\Design Pattern Assignments\Observablepattern\src\test\resources
2019-01-25 23:40:30,727 [Worker-0: Loading available Gradle versions] INFO  o.e.b.c.i.u.g.PublishedGradleVersions - Gradle version information cache is up-to-date. Trying to read.
2019-01-25 23:45:16,707 [Worker-0: Building workspace] INFO  o.e.m.c.i.embedder.EclipseLogger - Using 'UTF-8' encoding to copy filtered resources.
2019-01-25 23:45:16,708 [Worker-0: Building workspace] INFO  o.e.m.c.i.embedder.EclipseLogger - skip non existing resourceDirectory C:\Users\vadiraj.Rajendra\Desktop\Design Pattern Assignments\Observablepattern\src\main\resources
2019-01-25 23:45:16,709 [Worker-0: Building workspace] INFO  o.e.m.c.i.embedder.EclipseLogger - Using 'UTF-8' encoding to copy filtered resources.
2019-01-25 23:45:16,710 [Worker-0: Building workspace] INFO  o.e.m.c.i.embedder.EclipseLogger - skip non existing resourceDirectory C:\Users\vadiraj.Rajendra\Desktop\Design Pattern Assignments\Observablepattern\src\test\resources
2019-01-25 23:45:41,862 [Worker-7: Building workspace] INFO  o.e.m.c.i.embedder.EclipseLogger - Using 'UTF-8' encoding to copy filtered resources.
2019-01-25 23:45:41,863 [Worker-7: Building workspace] INFO  o.e.m.c.i.embedder.EclipseLogger - skip non existing resourceDirectory C:\Users\vadiraj.Rajendra\Desktop\Design Pattern Assignments\Observablepattern\src\main\resources
2019-01-25 23:45:41,864 [Worker-7: Building workspace] INFO  o.e.m.c.i.embedder.EclipseLogger - Using 'UTF-8' encoding to copy filtered resources.
2019-01-25 23:45:41,865 [Worker-7: Building workspace] INFO  o.e.m.c.i.embedder.EclipseLogger - skip non existing resourceDirectory C:\Users\vadiraj.Rajendra\Desktop\Design Pattern Assignments\Observablepattern\src\test\resources
2019-01-25 23:47:46,642 [Worker-7: Building workspace] INFO  o.e.m.c.i.embedder.EclipseLogger - Using 'UTF-8' encoding to copy filtered resources.
2019-01-25 23:47:46,642 [Worker-7: Building workspace] INFO  o.e.m.c.i.embedder.EclipseLogger - skip non existing resourceDirectory C:\Users\vadiraj.Rajendra\Desktop\Design Pattern Assignments\Observablepattern\src\main\resources
2019-01-25 23:47:46,643 [Worker-7: Building workspace] INFO  o.e.m.c.i.embedder.EclipseLogger - Using 'UTF-8' encoding to copy filtered resources.
2019-01-25 23:47:46,643 [Worker-7: Building workspace] INFO  o.e.m.c.i.embedder.EclipseLogger - skip non existing resourceDirectory C:\Users\vadiraj.Rajendra\Desktop\Design Pattern Assignments\Observablepattern\src\test\resources
2019-01-25 23:48:09,295 [Worker-0: Building workspace] INFO  o.e.m.c.i.embedder.EclipseLogger - Using 'UTF-8' encoding to copy filtered resources.
2019-01-25 23:48:09,295 [Worker-0: Building workspace] INFO  o.e.m.c.i.embedder.EclipseLogger - skip non existing resourceDirectory C:\Users\vadiraj.Rajendra\Desktop\Design Pattern Assignments\Observablepattern\src\main\resources
2019-01-25 23:48:09,297 [Worker-0: Building workspace] INFO  o.e.m.c.i.embedder.EclipseLogger - Using 'UTF-8' encoding to copy filtered resources.
2019-01-25 23:48:09,297 [Worker-0: Building workspace] INFO  o.e.m.c.i.embedder.EclipseLogger - skip non existing resourceDirectory C:\Users\vadiraj.Rajendra\Desktop\Design Pattern Assignments\Observablepattern\src\test\resources
2019-01-25 23:49:29,440 [Worker-0: Building workspace] INFO  o.e.m.c.i.embedder.EclipseLogger - Using 'UTF-8' encoding to copy filtered resources.
2019-01-25 23:49:29,440 [Worker-0: Building workspace] INFO  o.e.m.c.i.embedder.EclipseLogger - skip non existing resourceDirectory C:\Users\vadiraj.Rajendra\Desktop\Design Pattern Assignments\Observablepattern\src\main\resources
2019-01-25 23:49:29,441 [Worker-0: Building workspace] INFO  o.e.m.c.i.embedder.EclipseLogger - Using 'UTF-8' encoding to copy filtered resources.
2019-01-25 23:49:29,442 [Worker-0: Building workspace] INFO  o.e.m.c.i.embedder.EclipseLogger - skip non existing resourceDirectory C:\Users\vadiraj.Rajendra\Desktop\Design Pattern Assignments\Observablepattern\src\test\resources
2019-01-25 23:50:08,361 [Worker-0: Building workspace] INFO  o.e.m.c.i.embedder.EclipseLogger - Using 'UTF-8' encoding to copy filtered resources.
2019-01-25 23:50:08,361 [Worker-0: Building workspace] INFO  o.e.m.c.i.embedder.EclipseLogger - skip non existing resourceDirectory C:\Users\vadiraj.Rajendra\Desktop\Design Pattern Assignments\Observablepattern\src\main\resources
2019-01-25 23:50:08,363 [Worker-0: Building workspace] INFO  o.e.m.c.i.embedder.EclipseLogger - Using 'UTF-8' encoding to copy filtered resources.
2019-01-25 23:50:08,363 [Worker-0: Building workspace] INFO  o.e.m.c.i.embedder.EclipseLogger - skip non existing resourceDirectory C:\Users\vadiraj.Rajendra\Desktop\Design Pattern Assignments\Observablepattern\src\test\resources
2019-01-25 23:50:57,994 [Worker-5: Building workspace] INFO  o.e.m.c.i.embedder.EclipseLogger - Using 'UTF-8' encoding to copy filtered resources.
2019-01-25 23:50:57,994 [Worker-5: Building workspace] INFO  o.e.m.c.i.embedder.EclipseLogger - skip non existing resourceDirectory C:\Users\vadiraj.Rajendra\Desktop\Design Pattern Assignments\Observablepattern\src\main\resources
2019-01-25 23:50:57,995 [Worker-5: Building workspace] INFO  o.e.m.c.i.embedder.EclipseLogger - Using 'UTF-8' encoding to copy filtered resources.
2019-01-25 23:50:57,996 [Worker-5: Building workspace] INFO  o.e.m.c.i.embedder.EclipseLogger - skip non existing resourceDirectory C:\Users\vadiraj.Rajendra\Desktop\Design Pattern Assignments\Observablepattern\src\test\resources
2019-01-25 23:51:10,397 [Worker-12: Building workspace] INFO  o.e.m.c.i.embedder.EclipseLogger - Using 'UTF-8' encoding to copy filtered resources.
2019-01-25 23:51:10,398 [Worker-12: Building workspace] INFO  o.e.m.c.i.embedder.EclipseLogger - skip non existing resourceDirectory C:\Users\vadiraj.Rajendra\Desktop\Design Pattern Assignments\Observablepattern\src\main\resources
2019-01-25 23:51:10,401 [Worker-12: Building workspace] INFO  o.e.m.c.i.embedder.EclipseLogger - Using 'UTF-8' encoding to copy filtered resources.
2019-01-25 23:51:10,401 [Worker-12: Building workspace] INFO  o.e.m.c.i.embedder.EclipseLogger - skip non existing resourceDirectory C:\Users\vadiraj.Rajendra\Desktop\Design Pattern Assignments\Observablepattern\src\test\resources
2019-01-25 23:51:49,122 [Worker-7: Building workspace] INFO  o.e.m.c.i.embedder.EclipseLogger - Using 'UTF-8' encoding to copy filtered resources.
2019-01-25 23:51:49,122 [Worker-7: Building workspace] INFO  o.e.m.c.i.embedder.EclipseLogger - skip non existing resourceDirectory C:\Users\vadiraj.Rajendra\Desktop\Design Pattern Assignments\Observablepattern\src\main\resources
2019-01-25 23:51:49,124 [Worker-7: Building workspace] INFO  o.e.m.c.i.embedder.EclipseLogger - Using 'UTF-8' encoding to copy filtered resources.
2019-01-25 23:51:49,124 [Worker-7: Building workspace] INFO  o.e.m.c.i.embedder.EclipseLogger - skip non existing resourceDirectory C:\Users\vadiraj.Rajendra\Desktop\Design Pattern Assignments\Observablepattern\src\test\resources
2019-01-25 23:52:31,470 [Worker-3: Building workspace] INFO  o.e.m.c.i.embedder.EclipseLogger - Using 'UTF-8' encoding to copy filtered resources.
2019-01-25 23:52:31,470 [Worker-3: Building workspace] INFO  o.e.m.c.i.embedder.EclipseLogger - skip non existing resourceDirectory C:\Users\vadiraj.Rajendra\Desktop\Design Pattern Assignments\Observablepattern\src\main\resources
2019-01-25 23:52:31,472 [Worker-3: Building workspace] INFO  o.e.m.c.i.embedder.EclipseLogger - Using 'UTF-8' encoding to copy filtered resources.
2019-01-25 23:52:31,472 [Worker-3: Building workspace] INFO  o.e.m.c.i.embedder.EclipseLogger - skip non existing resourceDirectory C:\Users\vadiraj.Rajendra\Desktop\Design Pattern Assignments\Observablepattern\src\test\resources
2019-01-25 23:53:18,771 [Worker-2: Building workspace] INFO  o.e.m.c.i.embedder.EclipseLogger - Using 'UTF-8' encoding to copy filtered resources.
2019-01-25 23:53:18,771 [Worker-2: Building workspace] INFO  o.e.m.c.i.embedder.EclipseLogger - skip non existing resourceDirectory C:\Users\vadiraj.Rajendra\Desktop\Design Pattern Assignments\Observablepattern\src\main\resources
2019-01-25 23:53:18,772 [Worker-2: Building workspace] INFO  o.e.m.c.i.embedder.EclipseLogger - Using 'UTF-8' encoding to copy filtered resources.
2019-01-25 23:53:18,773 [Worker-2: Building workspace] INFO  o.e.m.c.i.embedder.EclipseLogger - skip non existing resourceDirectory C:\Users\vadiraj.Rajendra\Desktop\Design Pattern Assignments\Observablepattern\src\test\resources
2019-01-25 23:53:33,834 [Worker-1: Building workspace] INFO  o.e.m.c.i.embedder.EclipseLogger - Using 'UTF-8' encoding to copy filtered resources.
2019-01-25 23:53:33,835 [Worker-1: Building workspace] INFO  o.e.m.c.i.embedder.EclipseLogger - skip non existing resourceDirectory C:\Users\vadiraj.Rajendra\Desktop\Design Pattern Assignments\Observablepattern\src\main\resources
2019-01-25 23:53:33,836 [Worker-1: Building workspace] INFO  o.e.m.c.i.embedder.EclipseLogger - Using 'UTF-8' encoding to copy filtered resources.
2019-01-25 23:53:33,836 [Worker-1: Building workspace] INFO  o.e.m.c.i.embedder.EclipseLogger - skip non existing resourceDirectory C:\Users\vadiraj.Rajendra\Desktop\Design Pattern Assignments\Observablepattern\src\test\resources
2019-01-25 23:54:43,051 [Worker-12: Building workspace] INFO  o.e.m.c.i.embedder.EclipseLogger - Using 'UTF-8' encoding to copy filtered resources.
2019-01-25 23:54:43,051 [Worker-12: Building workspace] INFO  o.e.m.c.i.embedder.EclipseLogger - skip non existing resourceDirectory C:\Users\vadiraj.Rajendra\Desktop\Design Pattern Assignments\Observablepattern\src\main\resources
2019-01-25 23:54:43,053 [Worker-12: Building workspace] INFO  o.e.m.c.i.embedder.EclipseLogger - Using 'UTF-8' encoding to copy filtered resources.
2019-01-25 23:54:43,053 [Worker-12: Building workspace] INFO  o.e.m.c.i.embedder.EclipseLogger - skip non existing resourceDirectory C:\Users\vadiraj.Rajendra\Desktop\Design Pattern Assignments\Observablepattern\src\test\resources
2019-01-25 23:55:15,315 [Worker-7: Building workspace] INFO  o.e.m.c.i.embedder.EclipseLogger - Using 'UTF-8' encoding to copy filtered resources.
2019-01-25 23:55:15,315 [Worker-7: Building workspace] INFO  o.e.m.c.i.embedder.EclipseLogger - skip non existing resourceDirectory C:\Users\vadiraj.Rajendra\Desktop\Design Pattern Assignments\Observablepattern\src\main\resources
2019-01-25 23:55:15,316 [Worker-7: Building workspace] INFO  o.e.m.c.i.embedder.EclipseLogger - Using 'UTF-8' encoding to copy filtered resources.
2019-01-25 23:55:15,319 [Worker-7: Building workspace] INFO  o.e.m.c.i.embedder.EclipseLogger - skip non existing resourceDirectory C:\Users\vadiraj.Rajendra\Desktop\Design Pattern Assignments\Observablepattern\src\test\resources
2019-01-25 23:56:04,307 [Worker-8: Building workspace] INFO  o.e.m.c.i.embedder.EclipseLogger - Using 'UTF-8' encoding to copy filtered resources.
2019-01-25 23:56:04,308 [Worker-8: Building workspace] INFO  o.e.m.c.i.embedder.EclipseLogger - skip non existing resourceDirectory C:\Users\vadiraj.Rajendra\Desktop\Design Pattern Assignments\Observablepattern\src\main\resources
2019-01-25 23:56:04,309 [Worker-8: Building workspace] INFO  o.e.m.c.i.embedder.EclipseLogger - Using 'UTF-8' encoding to copy filtered resources.
2019-01-25 23:56:04,310 [Worker-8: Building workspace] INFO  o.e.m.c.i.embedder.EclipseLogger - skip non existing resourceDirectory C:\Users\vadiraj.Rajendra\Desktop\Design Pattern Assignments\Observablepattern\src\test\resources
2019-01-25 23:56:50,139 [Worker-9: Building workspace] INFO  o.e.m.c.i.embedder.EclipseLogger - Using 'UTF-8' encoding to copy filtered resources.
2019-01-25 23:56:50,140 [Worker-9: Building workspace] INFO  o.e.m.c.i.embedder.EclipseLogger - skip non existing resourceDirectory C:\Users\vadiraj.Rajendra\Desktop\Design Pattern Assignments\Observablepattern\src\main\resources
2019-01-25 23:56:50,143 [Worker-9: Building workspace] INFO  o.e.m.c.i.embedder.EclipseLogger - Using 'UTF-8' encoding to copy filtered resources.
2019-01-25 23:56:50,143 [Worker-9: Building workspace] INFO  o.e.m.c.i.embedder.EclipseLogger - skip non existing resourceDirectory C:\Users\vadiraj.Rajendra\Desktop\Design Pattern Assignments\Observablepattern\src\test\resources
2019-01-25 23:57:54,025 [Worker-8: Building workspace] INFO  o.e.m.c.i.embedder.EclipseLogger - Using 'UTF-8' encoding to copy filtered resources.
2019-01-25 23:57:54,025 [Worker-8: Building workspace] INFO  o.e.m.c.i.embedder.EclipseLogger - skip non existing resourceDirectory C:\Users\vadiraj.Rajendra\Desktop\Design Pattern Assignments\Observablepattern\src\main\resources
2019-01-25 23:57:54,028 [Worker-8: Building workspace] INFO  o.e.m.c.i.embedder.EclipseLogger - Using 'UTF-8' encoding to copy filtered resources.
2019-01-25 23:57:54,029 [Worker-8: Building workspace] INFO  o.e.m.c.i.embedder.EclipseLogger - skip non existing resourceDirectory C:\Users\vadiraj.Rajendra\Desktop\Design Pattern Assignments\Observablepattern\src\test\resources
2019-01-25 23:58:14,065 [Worker-6: Building workspace] INFO  o.e.m.c.i.embedder.EclipseLogger - Using 'UTF-8' encoding to copy filtered resources.
2019-01-25 23:58:14,065 [Worker-6: Building workspace] INFO  o.e.m.c.i.embedder.EclipseLogger - skip non existing resourceDirectory C:\Users\vadiraj.Rajendra\Desktop\Design Pattern Assignments\Observablepattern\src\main\resources
2019-01-25 23:58:14,067 [Worker-6: Building workspace] INFO  o.e.m.c.i.embedder.EclipseLogger - Using 'UTF-8' encoding to copy filtered resources.
2019-01-25 23:58:14,067 [Worker-6: Building workspace] INFO  o.e.m.c.i.embedder.EclipseLogger - skip non existing resourceDirectory C:\Users\vadiraj.Rajendra\Desktop\Design Pattern Assignments\Observablepattern\src\test\resources
2019-01-25 23:59:08,309 [Worker-10: Building workspace] INFO  o.e.m.c.i.embedder.EclipseLogger - Using 'UTF-8' encoding to copy filtered resources.
2019-01-25 23:59:08,309 [Worker-10: Building workspace] INFO  o.e.m.c.i.embedder.EclipseLogger - skip non existing resourceDirectory C:\Users\vadiraj.Rajendra\Desktop\Design Pattern Assignments\Observablepattern\src\main\resources
2019-01-25 23:59:08,311 [Worker-10: Building workspace] INFO  o.e.m.c.i.embedder.EclipseLogger - Using 'UTF-8' encoding to copy filtered resources.
2019-01-25 23:59:08,311 [Worker-10: Building workspace] INFO  o.e.m.c.i.embedder.EclipseLogger - skip non existing resourceDirectory C:\Users\vadiraj.Rajendra\Desktop\Design Pattern Assignments\Observablepattern\src\test\resources
2019-01-26 00:00:27,501 [Worker-10: Building workspace] INFO  o.e.m.c.i.embedder.EclipseLogger - Using 'UTF-8' encoding to copy filtered resources.
2019-01-26 00:00:27,501 [Worker-10: Building workspace] INFO  o.e.m.c.i.embedder.EclipseLogger - skip non existing resourceDirectory C:\Users\vadiraj.Rajendra\Desktop\Design Pattern Assignments\Observablepattern\src\main\resources
2019-01-26 00:00:27,503 [Worker-10: Building workspace] INFO  o.e.m.c.i.embedder.EclipseLogger - Using 'UTF-8' encoding to copy filtered resources.
2019-01-26 00:00:27,503 [Worker-10: Building workspace] INFO  o.e.m.c.i.embedder.EclipseLogger - skip non existing resourceDirectory C:\Users\vadiraj.Rajendra\Desktop\Design Pattern Assignments\Observablepattern\src\test\resources
